<?xml version="1.0" encoding="UTF-8"?>
<!-- Generated by org.testng.reporters.JUnitReportReporter -->
<testsuite hostname="LAPTOP-3KFM323G" failures="0" tests="3" name="com.magento.testcases.HomePageTest" time="2.387" errors="0" timestamp="2022-12-17T12:49:28 IST" skipped="0">
  <testcase classname="com.magento.testcases.HomePageTest" name="HomePagePresentTest" time="0.265"/>
  <testcase classname="com.magento.testcases.HomePageTest" name="HomePageTitleTest" time="0.027"/>
  <testcase classname="com.magento.testcases.HomePageTest" name="CreateAccountTest" time="2.095"/>
</testsuite> <!-- com.magento.testcases.HomePageTest -->
