<?xml version="1.0" encoding="UTF-8"?>
<!-- Generated by org.testng.reporters.JUnitReportReporter -->
<testsuite hostname="LAPTOP-3KFM323G" failures="0" tests="3" name="com.magento.testcases.CreateAccountTest" time="15.895" errors="0" timestamp="2022-12-17T19:45:27 IST" skipped="0">
  <testcase classname="com.magento.testcases.CreateAccountTest" name="validateLogoutTest" time="2.933"/>
  <testcase classname="com.magento.testcases.CreateAccountTest" name="ValidateCreateAccountTest" time="11.239"/>
  <testcase classname="com.magento.testcases.CreateAccountTest" name="CreateAccountPagePresentTest" time="1.723"/>
</testsuite> <!-- com.magento.testcases.CreateAccountTest -->
