<?xml version="1.0" encoding="UTF-8"?>
<!-- Generated by org.testng.reporters.JUnitReportReporter -->
<testsuite hostname="LAPTOP-3KFM323G" failures="0" tests="3" name="com.magento.testcases.LoginTest" time="7.008" errors="0" timestamp="2022-12-17T19:46:00 IST" skipped="0">
  <testcase classname="com.magento.testcases.LoginTest" name="homePagePresentTest" time="0.259"/>
  <testcase classname="com.magento.testcases.LoginTest" name="validateLoginTest" time="4.065"/>
  <testcase classname="com.magento.testcases.LoginTest" name="validateLogoutTest" time="2.684"/>
</testsuite> <!-- com.magento.testcases.LoginTest -->
